\BOOKMARK [1][-]{section.1}{Introduction}{}% 1
\BOOKMARK [2][-]{subsection.1.1}{Background}{section.1}% 2
\BOOKMARK [2][-]{subsection.1.2}{Learning to Share Approach}{section.1}% 3
\BOOKMARK [2][-]{subsection.1.3}{Facebook Terminology}{section.1}% 4
\BOOKMARK [2][-]{subsection.1.4}{Report Structure}{section.1}% 5
\BOOKMARK [1][-]{section.2}{Specification}{}% 6
\BOOKMARK [2][-]{subsection.2.1}{Requirements}{section.2}% 7
\BOOKMARK [2][-]{subsection.2.2}{Updates to the original specification}{section.2}% 8
\BOOKMARK [2][-]{subsection.2.3}{Specifications Update}{section.2}% 9
\BOOKMARK [2][-]{subsection.2.4}{Schedule updates}{section.2}% 10
\BOOKMARK [3][-]{subsubsection.2.4.1}{Removed}{subsection.2.4}% 11
\BOOKMARK [1][-]{section.3}{Design}{}% 12
\BOOKMARK [2][-]{subsection.3.1}{System Architecture}{section.3}% 13
\BOOKMARK [2][-]{subsection.3.2}{Program Flow}{section.3}% 14
\BOOKMARK [2][-]{subsection.3.3}{Monitor Design}{section.3}% 15
\BOOKMARK [3][-]{subsubsection.3.3.1}{Facebook Platform}{subsection.3.3}% 16
\BOOKMARK [3][-]{subsubsection.3.3.2}{Graph API}{subsection.3.3}% 17
\BOOKMARK [3][-]{subsubsection.3.3.3}{Programming Languages and Libraries}{subsection.3.3}% 18
\BOOKMARK [3][-]{subsubsection.3.3.4}{Access Token}{subsection.3.3}% 19
\BOOKMARK [3][-]{subsubsection.3.3.5}{Implementation}{subsection.3.3}% 20
\BOOKMARK [2][-]{subsection.3.4}{Structure of the plugin}{section.3}% 21
\BOOKMARK [2][-]{subsection.3.5}{Structure of Web Service}{section.3}% 22
\BOOKMARK [2][-]{subsection.3.6}{Web Service Implementation}{section.3}% 23
\BOOKMARK [3][-]{subsubsection.3.6.1}{Backend}{subsection.3.6}% 24
\BOOKMARK [2][-]{subsection.3.7}{Front End}{section.3}% 25
\BOOKMARK [3][-]{subsubsection.3.7.1}{The Design Process}{subsection.3.7}% 26
\BOOKMARK [2][-]{subsection.3.8}{Implementation and Design}{section.3}% 27
\BOOKMARK [3][-]{subsubsection.3.8.1}{CSS Frameworks and Libraries}{subsection.3.8}% 28
\BOOKMARK [3][-]{subsubsection.3.8.2}{JavaScript Frameworks}{subsection.3.8}% 29
\BOOKMARK [1][-]{section.4}{Methodology}{}% 30
\BOOKMARK [2][-]{subsection.4.1}{Development Technique}{section.4}% 31
\BOOKMARK [2][-]{subsection.4.2}{Version Control}{section.4}% 32
\BOOKMARK [2][-]{subsection.4.3}{Implementation}{section.4}% 33
\BOOKMARK [3][-]{subsubsection.4.3.1}{Monitor}{subsection.4.3}% 34
\BOOKMARK [3][-]{subsubsection.4.3.2}{Adaptive Sharing Analyzer}{subsection.4.3}% 35
\BOOKMARK [2][-]{subsection.4.4}{Facebook Limitations}{section.4}% 36
\BOOKMARK [2][-]{subsection.4.5}{Plugin Component Issues}{section.4}% 37
\BOOKMARK [2][-]{subsection.4.6}{Testing Methodology}{section.4}% 38
\BOOKMARK [3][-]{subsubsection.4.6.1}{Unit testing}{subsection.4.6}% 39
\BOOKMARK [3][-]{subsubsection.4.6.2}{Accuracy Testing}{subsection.4.6}% 40
\BOOKMARK [1][-]{section.5}{Group Work}{}% 41
\BOOKMARK [1][-]{section.6}{Final Product}{}% 42
\BOOKMARK [1][-]{appendix.A}{User Plugin Mockups}{}% 43
\BOOKMARK [1][-]{appendix.B}{Test Results}{}% 44
\BOOKMARK [1][-]{appendix.C}{Code Coverage Report}{}% 45
\BOOKMARK [1][-]{appendix.D}{Logbook}{}% 46
